2020-06-25T10:13:00.4554720+08:00 [INF] (PaymentGateway.Program) Starting web host
2020-06-25T10:52:56.3571118+08:00 [INF] (PaymentGateway.Program) Starting web host
2020-06-25T10:53:47.8639224+08:00 [INF] (PaymentGateway.API.v1.PaymentController) Hashing input: mchid=Jx2VxUL8JY&out_trade_no=TEST001&pay_type=801114&syssn=71****************************2C, key: 71****************************2C
2020-06-25T10:57:43.5053026+08:00 [INF] (PaymentGateway.Program) Starting web host
2020-06-25T10:59:28.0044032+08:00 [INF] (PaymentGateway.API.v1.PaymentController) Hashing input: mchid=Jx2VxUL8JY&out_trade_no=TEST0001&pay_type=801114&syssn=71****************************2C, key: 71****************************2C
2020-06-25T10:59:36.7569016+08:00 [INF] (AutoWrapper.AutoWrapperMiddleware) Source:[::1] Request: POST https localhost:44321/api/v1/Payment/Query  {"currency":"MYR","paymentType":"alipayonline","pgTransactionNumber":"","transactionNumber":"TEST0001","startTime":"","endTime":""} Responded with [200] in 15119ms
2020-06-25T11:06:34.5787946+08:00 [INF] (PaymentGateway.API.v1.PaymentController) Hashing input: mchid=Jx2VxUL8JY&out_trade_no=TEST0001&pay_type=801114&syssn=71****************************2C, key: 71****************************2C
2020-06-25T11:12:27.8876654+08:00 [INF] (PaymentGateway.Program) Starting web host
2020-06-25T11:15:07.9943604+08:00 [INF] (PaymentGateway.Program) Starting web host
2020-06-25T11:15:44.7458010+08:00 [INF] (PaymentGateway.API.v1.PaymentController) Hashing input: mchid=Jx2VxUL8JY&out_trade_no=TEST0001&pay_type=801114&syssn=71****************************2C, key: 71****************************2C
2020-06-25T11:16:25.5819682+08:00 [INF] (AutoWrapper.AutoWrapperMiddleware) Source:[::1] Request: POST https localhost:44321/api/v1/Payment/Query  {"currency":"MYR","paymentType":"alipayonline","pgTransactionNumber":"","transactionNumber":"TEST0001","startTime":"","endTime":""} Responded with [200] in 46135ms
2020-06-25T11:18:19.8645311+08:00 [INF] (PaymentGateway.Program) Starting web host
2020-06-25T11:19:12.0800918+08:00 [INF] (PaymentGateway.API.v1.PaymentController) Hashing input: mchid=Jx2VxUL8JY71****************************2C, key: 71****************************2C
2020-06-25T11:26:43.9556848+08:00 [INF] (PaymentGateway.Program) Starting web host
2020-06-25T11:28:04.4442710+08:00 [INF] (PaymentGateway.API.v1.PaymentController) Hashing input: goods_name=string&mchid=Jx2VxUL8JY&out_trade_no=TEST1004&pay_type=801114&txamt=1000&txcurrcd=MYR&txdtm=2020-06-25 11:27:4171****************************2C, key: 71****************************2C
2020-06-25T11:29:22.9575809+08:00 [INF] (AutoWrapper.AutoWrapperMiddleware) Source:[::1] Request: POST https localhost:44321/api/v1/Payment  {"amount":10,"currency":"MYR","paymentType":"alipayonline","transactionNumber":"TEST1004","goodsName":"string"} Responded with [200] in 106224ms
2020-06-25T11:37:31.0549993+08:00 [INF] (PaymentGateway.Program) Starting web host
2020-06-25T11:51:32.9584055+08:00 [INF] (PaymentGateway.Program) Starting web host
2020-06-25T12:02:39.7763530+08:00 [INF] (PaymentGateway.API.v1.PaymentController) Hashing input: mchid=Jx2VxUL8JY71****************************2C, key: 71****************************2C
2020-06-25T12:02:48.2963913+08:00 [INF] (PaymentGateway.Services.QfPayApiConnect) Post Form request. URL /trade/v1/query, data: {"mchid":"Jx2VxUL8JY"}
2020-06-25T12:02:51.2044222+08:00 [INF] (PaymentGateway.Services.QfPayApiConnect) Post Form response
2020-06-25T12:02:51.4655236+08:00 [INF] (AutoWrapper.AutoWrapperMiddleware) Source:[::1] Request: POST https localhost:44321/api/v1/Payment/Query  {"currency":"MYR","paymentType":"alipayonline","pgTransactionNumber":"","transactionNumber":"TEST1004","startTime":"","endTime":""} Responded with [200] in 17073ms
2020-06-25T12:11:43.6661475+08:00 [INF] (PaymentGateway.Program) Starting web host
2020-06-25T12:12:57.2350312+08:00 [INF] (PaymentGateway.API.v1.PaymentController) Hashing input: mchid=Jx2VxUL8JY&out_trade_no=TEST1001&pay_type=&syssn=71****************************2C, key: 71****************************2C
2020-06-25T12:13:01.1758384+08:00 [INF] (PaymentGateway.Services.QfPayApiConnect) Post Form request. URL /trade/v1/query, data: {"mchid":"Jx2VxUL8JY","syssn":"","out_trade_no":"TEST1001","pay_type":null}
2020-06-25T12:13:23.4709706+08:00 [INF] (PaymentGateway.Services.QfPayApiConnect) Post Form response
2020-06-25T12:13:23.7525047+08:00 [INF] (AutoWrapper.AutoWrapperMiddleware) Source:[::1] Request: POST https localhost:44321/api/v1/Payment/Query  {"currency":"MYR","paymentType":"","pgTransactionNumber":"","transactionNumber":"TEST1001","startTime":"","endTime":""} Responded with [200] in 53734ms
2020-06-25T12:13:46.1722666+08:00 [INF] (PaymentGateway.API.v1.PaymentController) Hashing input: mchid=Jx2VxUL8JY&out_trade_no=TEST1001&pay_type=&syssn=71****************************2C, key: 71****************************2C
2020-06-25T12:13:47.2129068+08:00 [INF] (PaymentGateway.Services.QfPayApiConnect) Post Form request. URL /trade/v1/query, data: {"mchid":"Jx2VxUL8JY","syssn":"","out_trade_no":"TEST1001","pay_type":null}
2020-06-25T12:13:47.3510410+08:00 [INF] (PaymentGateway.Services.QfPayApiConnect) Post Form response
2020-06-25T12:13:47.3542685+08:00 [INF] (AutoWrapper.AutoWrapperMiddleware) Source:[::1] Request: POST https localhost:44321/api/v1/Payment/Query  {"currency":"MYR","paymentType":"","pgTransactionNumber":"","transactionNumber":"TEST1001","startTime":"","endTime":""} Responded with [200] in 4404ms
2020-06-25T12:13:59.9668405+08:00 [INF] (PaymentGateway.API.v1.PaymentController) Hashing input: mchid=Jx2VxUL8JY&out_trade_no=TEST1001&pay_type=&syssn=71****************************2C, key: 71****************************2C
2020-06-25T12:14:14.5243325+08:00 [INF] (PaymentGateway.Services.QfPayApiConnect) Post Form request. URL /trade/v1/query, data: {"mchid":"Jx2VxUL8JY","syssn":"","out_trade_no":"TEST1001","pay_type":null}
2020-06-25T12:14:14.6407537+08:00 [INF] (PaymentGateway.Services.QfPayApiConnect) Post Form response
2020-06-25T12:14:14.6433854+08:00 [INF] (AutoWrapper.AutoWrapperMiddleware) Source:[::1] Request: POST https localhost:44321/api/v1/Payment/Query  {"currency":"MYR","paymentType":"","pgTransactionNumber":"","transactionNumber":"TEST1001","startTime":"","endTime":""} Responded with [200] in 21208ms
2020-06-25T12:14:24.1209346+08:00 [INF] (PaymentGateway.API.v1.PaymentController) Hashing input: mchid=Jx2VxUL8JY&out_trade_no=TEST1001&pay_type=&syssn=71****************************2C, key: 71****************************2C
2020-06-25T12:17:05.8193956+08:00 [INF] (PaymentGateway.Program) Starting web host
2020-06-25T12:17:53.4081984+08:00 [INF] (PaymentGateway.API.v1.PaymentController) Hashing input: mchid=Jx2VxUL8JY&out_trade_no=TEST1001&pay_type=80111471****************************2C, key: 71****************************2C
2020-06-25T12:17:54.9907034+08:00 [INF] (PaymentGateway.Services.QfPayApiConnect) Post Form request. URL /trade/v1/query, data: {"mchid":"Jx2VxUL8JY","out_trade_no":"TEST1001","pay_type":"801114"}
2020-06-25T12:17:56.1831191+08:00 [INF] (PaymentGateway.Services.QfPayApiConnect) Post Form response
2020-06-25T12:17:56.5300556+08:00 [INF] (AutoWrapper.AutoWrapperMiddleware) Source:[::1] Request: POST https localhost:44321/api/v1/Payment/Query  {"currency":"MYR","paymentType":"alipayonline","pgTransactionNumber":"","transactionNumber":"TEST1001","startTime":"","endTime":""} Responded with [200] in 5832ms
2020-06-25T12:20:19.8992474+08:00 [INF] (PaymentGateway.Program) Starting web host
2020-06-25T12:47:31.0695871+08:00 [INF] (PaymentGateway.API.v1.PaymentController) Hashing input: mchid=Jx2VxUL8JY&out_trade_no=TEST100171****************************2C, key: 71****************************2C
2020-06-25T12:47:35.1798218+08:00 [INF] (PaymentGateway.Services.QfPayApiConnect) Post Form request. URL /trade/v1/query, data: {"mchid":"Jx2VxUL8JY","out_trade_no":"TEST1001"}
2020-06-25T12:47:37.0118262+08:00 [INF] (PaymentGateway.Services.QfPayApiConnect) Post Form response
2020-06-25T12:47:37.4363649+08:00 [INF] (AutoWrapper.AutoWrapperMiddleware) Source:[::1] Request: POST https localhost:44321/api/v1/Payment/Query  {"paymentType":"","pgTransactionNumber":"","transactionNumber":"TEST1001","startTime":"","endTime":""} Responded with [200] in 9312ms
2020-06-25T12:48:29.7941448+08:00 [INF] (PaymentGateway.API.v1.PaymentController) Hashing input: mchid=Jx2VxUL8JY&out_trade_no=TEST1001&syssn=&txamt=10000&txdtm=2020-06-25 12:48:2971****************************2C, key: 71****************************2C
2020-06-25T12:48:29.7948600+08:00 [INF] (PaymentGateway.Services.QfPayApiConnect) Post Form request. URL /trade/v1/refund, data: {"syssn":"","out_trade_no":"TEST1001","txamt":"10000","txdtm":"2020-06-25 12:48:29","mchid":"Jx2VxUL8JY"}
2020-06-25T12:48:29.9073283+08:00 [INF] (PaymentGateway.Services.QfPayApiConnect) Post Form response
2020-06-25T12:48:29.9155555+08:00 [INF] (AutoWrapper.AutoWrapperMiddleware) Source:[::1] Request: POST https localhost:44321/api/v1/Payment/Cancel  {"amount":100,"currency":"MYR","paymentType":"alipayonline","transactionNumber":"TEST1001","goodsName":"string"} Responded with [200] in 249ms
2020-06-25T14:25:53.3083580+08:00 [INF] (PaymentGateway.Program) Starting web host
2020-06-25T14:27:05.3598547+08:00 [INF] (PaymentGateway.API.v1.PaymentController) Hashing input: end_time=&mchid=&out_trade_no=TEST1001&page=&page_size=&pay_type=&respcd=&start_time=&syssn=&txzone=71****************************2C, key: 71****************************2C
2020-06-25T14:27:05.3769059+08:00 [INF] (PaymentGateway.Services.QfPayApiConnect) Post Form request. URL /trade/v1/query, data: {"mchid":null,"syssn":null,"out_trade_no":"TEST1001","pay_type":null,"respcd":null,"start_time":"","end_time":"","txzone":null,"page":null,"page_size":null}
2020-06-25T14:27:08.4222547+08:00 [INF] (PaymentGateway.Services.QfPayApiConnect) Post Form response
2020-06-25T14:27:08.4240440+08:00 [INF] (PaymentGateway.API.v1.PaymentController) Response from QFPayApi Inquire Payment
2020-06-25T14:27:10.1515338+08:00 [INF] (AutoWrapper.AutoWrapperMiddleware) Source:[::1] Request: POST https localhost:44321/api/v1/Payment/Query  {"paymentType":"","pgTransactionNumber":"","transactionNumber":"TEST1001","startTime":"","endTime":""} Responded with [500] in 14312ms
2020-06-25T14:29:56.7230227+08:00 [INF] (PaymentGateway.Program) Starting web host
2020-06-25T14:31:03.9070496+08:00 [INF] (PaymentGateway.API.v1.PaymentController) Hashing input: end_time=&mchid=&out_trade_no=TEST1001&page=&page_size=&pay_type=&respcd=&start_time=&syssn=&txzone=71****************************2C, key: 71****************************2C
2020-06-25T14:31:03.9361747+08:00 [INF] (PaymentGateway.Services.QfPayApiConnect) Post Form request. URL /trade/v1/query, data: {"mchid":null,"syssn":null,"out_trade_no":"TEST1001","pay_type":null,"respcd":null,"start_time":"","end_time":"","txzone":null,"page":null,"page_size":null}
2020-06-25T14:31:05.9598965+08:00 [INF] (PaymentGateway.Services.QfPayApiConnect) Post Form response
2020-06-25T14:31:05.9609457+08:00 [INF] (PaymentGateway.API.v1.PaymentController) Response from QFPayApi Inquire Payment
2020-06-25T14:31:05.9727732+08:00 [INF] (PaymentGateway.API.v1.PaymentController) Return to Client Response
2020-06-25T14:31:06.6805583+08:00 [INF] (AutoWrapper.AutoWrapperMiddleware) Source:[::1] Request: POST https localhost:44321/api/v1/Payment/Query  {"paymentType":"","pgTransactionNumber":"","transactionNumber":"TEST1001","startTime":"","endTime":""} Responded with [200] in 6447ms
2020-06-25T14:41:29.5877705+08:00 [INF] (PaymentGateway.Program) Starting web host
2020-06-25T14:49:35.1957778+08:00 [INF] (PaymentGateway.Program) Starting web host
2020-06-25T14:49:53.1907895+08:00 [INF] (PaymentGateway.API.v1.PaymentController) Hashing input: end_time=&mchid=&out_trade_no=TEST1001&page=&page_size=&pay_type=&respcd=&start_time=&syssn=&txzone=71****************************2C, key: 71****************************2C
2020-06-25T14:50:12.2857890+08:00 [INF] (PaymentGateway.Services.QfPayApiConnect) Post Form request. URL /trade/v1/query, data: {"mchid":null,"syssn":null,"out_trade_no":"TEST1001","pay_type":null,"respcd":null,"start_time":"","end_time":"","txzone":null,"page":null,"page_size":null}
2020-06-25T14:50:14.7228790+08:00 [INF] (PaymentGateway.Services.QfPayApiConnect) Post Form response
2020-06-25T14:50:20.9597700+08:00 [INF] (PaymentGateway.API.v1.PaymentController) Response from QFPayApi Inquire Payment
2020-06-25T14:50:20.9693841+08:00 [INF] (PaymentGateway.API.v1.PaymentController) Return to Client Response
2020-06-25T14:50:21.3287196+08:00 [INF] (AutoWrapper.AutoWrapperMiddleware) Source:[::1] Request: POST https localhost:44321/api/v1/Payment/Query  {"paymentType":"","pgTransactionNumber":"","transactionNumber":"TEST1001","startTime":"","endTime":""} Responded with [200] in 33226ms
2020-06-25T14:55:49.3450349+08:00 [INF] (PaymentGateway.Program) Starting web host
2020-06-25T14:58:20.1351271+08:00 [INF] (PaymentGateway.API.v1.PaymentController) Hashing input: end_time=&out_trade_no=TEST1001&start_time=71****************************2C, key: 71****************************2C
2020-06-25T14:58:20.2404008+08:00 [INF] (PaymentGateway.Services.QfPayApiConnect) Post Form request. URL /trade/v1/query, data: {"out_trade_no":"TEST1001","start_time":"","end_time":""}
2020-06-25T14:58:22.3167672+08:00 [INF] (PaymentGateway.Services.QfPayApiConnect) Post Form response
2020-06-25T14:58:22.3178286+08:00 [INF] (PaymentGateway.API.v1.PaymentController) Response from QFPayApi Inquire Payment
2020-06-25T14:58:22.3283194+08:00 [INF] (PaymentGateway.API.v1.PaymentController) Return to Client Response
2020-06-25T14:58:22.8770709+08:00 [INF] (AutoWrapper.AutoWrapperMiddleware) Source:[::1] Request: POST https localhost:44321/api/v1/Payment/Query  {"paymentType":"","pgTransactionNumber":"","transactionNumber":"TEST1001","startTime":"","endTime":""} Responded with [200] in 145253ms
2020-06-25T14:58:58.9536128+08:00 [INF] (PaymentGateway.API.v1.PaymentController) Hashing input: out_trade_no=TEST100171****************************2C, key: 71****************************2C
2020-06-25T14:58:59.6575782+08:00 [INF] (PaymentGateway.Services.QfPayApiConnect) Post Form request. URL /trade/v1/query, data: {"out_trade_no":"TEST1001"}
2020-06-25T14:58:59.8163332+08:00 [INF] (PaymentGateway.Services.QfPayApiConnect) Post Form response
2020-06-25T14:59:22.0289216+08:00 [INF] (PaymentGateway.API.v1.PaymentController) Response from QFPayApi Inquire Payment
2020-06-25T15:06:09.9014687+08:00 [INF] (PaymentGateway.Program) Starting web host
2020-06-25T15:06:40.2791316+08:00 [INF] (AutoWrapper.AutoWrapperMiddleware) Source:[::1] Request: POST https localhost:44321/api/v1/Payment/Query  {"paymentType":"","pgTransactionNumber":"","transactionNumber":"TEST1001","startTime":"","endTime":""} Responded with [422] in 7830ms
2020-06-25T15:17:55.0410566+08:00 [INF] (PaymentGateway.Program) Starting web host
2020-06-25T15:19:12.4967231+08:00 [INF] (PaymentGateway.API.v1.PaymentController) Hashing input: out_trade_no=TEST100171****************************2C, key: 71****************************2C
2020-06-25T15:19:12.5168053+08:00 [INF] (PaymentGateway.Services.QfPayApiConnect) Post Form request. URL /trade/v1/query, data: {"out_trade_no":"TEST1001"}
2020-06-25T15:19:14.7340781+08:00 [INF] (PaymentGateway.Services.QfPayApiConnect) Post Form response
2020-06-25T15:19:14.7353270+08:00 [INF] (PaymentGateway.API.v1.PaymentController) Response from QFPayApi Inquire Payment
2020-06-25T15:19:14.7493032+08:00 [INF] (PaymentGateway.API.v1.PaymentController) Return to Client Response
2020-06-25T15:19:15.2095108+08:00 [INF] (AutoWrapper.AutoWrapperMiddleware) Source:[::1] Request: POST https localhost:44321/api/v1/Payment/Query  {"paymentType":"","pgTransactionNumber":"","transactionNumber":"TEST1001","startTime":"","endTime":""} Responded with [200] in 18231ms
2020-06-25T15:26:19.8080082+08:00 [INF] (PaymentGateway.Program) Starting web host
2020-06-25T15:28:18.3942375+08:00 [INF] (PaymentGateway.API.v1.PaymentController) Hashing input: mchid=Jx2VxUL8JY&out_trade_no=TEST1001&syssn=20200624141100020000888550&txamt=10000&txdtm=2020-06-25 15:28:0171****************************2C, key: 71****************************2C
2020-06-25T15:28:27.4576735+08:00 [INF] (PaymentGateway.Services.QfPayApiConnect) Post Form request. URL /trade/v1/refund, data: {"syssn":"20200624141100020000888550","out_trade_no":"TEST1001","txamt":"10000","txdtm":"2020-06-25 15:28:01","mchid":"Jx2VxUL8JY"}
2020-06-25T15:28:28.7995552+08:00 [INF] (PaymentGateway.Services.QfPayApiConnect) Post Form response: "{\"resperr\": \"\\u5ba2\\u5b98\\uff0c\\u8be5\\u5e97\\u94fa\\u914d\\u7f6e\\u6709\\u4e9b\\u95ee\\u9898\\uff0c\\u6211\\u4eec\\u6b63\\u5728\\u52a0\\u7d27\\u89e3\\u51b3\\u4e2d(1251)\", \"respcd\": \"1251\", \"respmsg\": \"out_trade_no is used\", \"out_trade_no\": \"TEST1001\", \"orig_syssn\": \"20200624141100020000888550\"}"
2020-06-25T15:28:42.1757033+08:00 [INF] (PaymentGateway.API.v1.PaymentController) Response from QFPayApi Cancel Payment
2020-06-25T15:30:07.2616941+08:00 [INF] (AutoWrapper.AutoWrapperMiddleware) Source:[::1] Request: POST https localhost:44321/api/v1/Payment/Cancel  {"amount":100,"currency":"MYR","paymentType":"alipayonline","transactionNumber":"TEST1001","pgTransactionNumber":"20200624141100020000888550","goodsName":"string"} Responded with [500] in 133480ms
2020-06-25T15:37:30.3610631+08:00 [INF] (PaymentGateway.Program) Starting web host
2020-06-25T15:43:08.7125486+08:00 [INF] (PaymentGateway.Program) Starting web host
2020-06-25T15:43:46.8622496+08:00 [INF] (PaymentGateway.API.v1.PaymentController) Hashing input: mchid=Jx2VxUL8JY&out_trade_no=TEST100471****************************2C, key: 71****************************2C
2020-06-25T15:43:46.8930104+08:00 [INF] (PaymentGateway.Services.QfPayApiConnect) Post Form request. URL /trade/v1/query, data: {"mchid":"Jx2VxUL8JY","out_trade_no":"TEST1004"}
2020-06-25T15:43:50.4787559+08:00 [INF] (PaymentGateway.Services.QfPayApiConnect) Post Form response: "{\"respmsg\": \"\", \"resperr\": \"\\u8bf7\\u6c42\\u6210\\u529f\", \"respcd\": \"0000\", \"data\": [{\"cardtp\": \"5\", \"cancel\": \"0\", \"pay_type\": \"801101\", \"order_type\": \"payment\", \"clisn\": \"041294\", \"txdtm\": \"2020-06-25 11:27:41\", \"goods_detail\": \"\", \"out_trade_no\": \"TEST1004\", \"syssn\": \"20200625141100020000888707\", \"sysdtm\": \"2020-06-25 11:28:14\", \"paydtm\": \"2020-06-25 11:28:14\", \"goods_name\": \"string\", \"txcurrcd\": \"MYR\", \"chnlsn2\": \"\", \"udid\": \"qiantai2\", \"userid\": \"2509184\", \"txamt\": \"1000\", \"chnlsn\": \"273672944\", \"respcd\": \"1145\", \"goods_info\": \"\", \"errmsg\": \"Processing.Please wait for the result(1145)\"}], \"page\": 1, \"page_size\": 10}"
2020-06-25T15:43:50.4798974+08:00 [INF] (PaymentGateway.API.v1.PaymentController) Response from QFPayApi Inquire Payment
2020-06-25T15:43:51.4355015+08:00 [INF] (AutoWrapper.AutoWrapperMiddleware) Source:[::1] Request: POST https localhost:44321/api/v1/Payment/Query  {"transactionNumber":"TEST1004"} Responded with [200] in 14788ms
2020-06-25T15:45:19.6854562+08:00 [INF] (AutoWrapper.AutoWrapperMiddleware) Source:[::1] Request: POST https localhost:44321/api/v1/Payment/Cancel  {
  "amount": 1000,
  "currency": "MYR",
  "paymentType": "alipayonlone",
  "transactionNumber": TEST1004",
  "pgTransactionNumber": "20200625141100020000888707",
  "goodsName": "string"
} Responded with [422] in 10997ms
2020-06-25T15:45:51.4881348+08:00 [INF] (PaymentGateway.API.v1.PaymentController) Hashing input: mchid=Jx2VxUL8JY&out_trade_no=TEST1004&syssn=20200625141100020000888707&txamt=100000&txdtm=2020-06-25 15:45:5171****************************2C, key: 71****************************2C
2020-06-25T15:45:51.4910570+08:00 [INF] (PaymentGateway.Services.QfPayApiConnect) Post Form request. URL /trade/v1/refund, data: {"syssn":"20200625141100020000888707","out_trade_no":"TEST1004","txamt":"100000","txdtm":"2020-06-25 15:45:51","mchid":"Jx2VxUL8JY"}
2020-06-25T15:45:52.4376217+08:00 [INF] (PaymentGateway.Services.QfPayApiConnect) Post Form response: "{\"resperr\": \"\\u5ba2\\u5b98\\uff0c\\u8be5\\u5e97\\u94fa\\u914d\\u7f6e\\u6709\\u4e9b\\u95ee\\u9898\\uff0c\\u6211\\u4eec\\u6b63\\u5728\\u52a0\\u7d27\\u89e3\\u51b3\\u4e2d(1251)\", \"respcd\": \"1251\", \"respmsg\": \"out_trade_no is used\", \"out_trade_no\": \"TEST1004\", \"orig_syssn\": \"20200625141100020000888707\"}"
2020-06-25T15:45:52.4387720+08:00 [INF] (PaymentGateway.API.v1.PaymentController) Response from QFPayApi Cancel Payment
2020-06-25T15:45:52.4728321+08:00 [INF] (AutoWrapper.AutoWrapperMiddleware) Source:[::1] Request: POST https localhost:44321/api/v1/Payment/Cancel  {"amount":1000,"currency":"MYR","paymentType":"alipayonlone","transactionNumber":"TEST1004","pgTransactionNumber":"20200625141100020000888707","goodsName":"string"} Responded with [200] in 1253ms
2020-06-25T15:49:54.4107356+08:00 [INF] (PaymentGateway.API.v1.PaymentController) Hashing input: mchid=Jx2VxUL8JY&out_trade_no=TEST1004&syssn=20200625141100020000888707&txamt=100000&txdtm=2020-06-25 15:49:5471****************************2C, key: 71****************************2C
2020-06-25T15:49:54.4116770+08:00 [INF] (PaymentGateway.Services.QfPayApiConnect) Post Form request. URL /trade/v1/refund, data: {"syssn":"20200625141100020000888707","out_trade_no":"TEST1004","txamt":"100000","txdtm":"2020-06-25 15:49:54","mchid":"Jx2VxUL8JY"}
2020-06-25T15:49:55.0027662+08:00 [INF] (PaymentGateway.Services.QfPayApiConnect) Post Form response: "{\"resperr\": \"\\u5ba2\\u5b98\\uff0c\\u8be5\\u5e97\\u94fa\\u914d\\u7f6e\\u6709\\u4e9b\\u95ee\\u9898\\uff0c\\u6211\\u4eec\\u6b63\\u5728\\u52a0\\u7d27\\u89e3\\u51b3\\u4e2d(1251)\", \"respcd\": \"1251\", \"respmsg\": \"out_trade_no is used\", \"out_trade_no\": \"TEST1004\", \"orig_syssn\": \"20200625141100020000888707\"}"
2020-06-25T15:49:55.0046217+08:00 [INF] (PaymentGateway.API.v1.PaymentController) Response from QFPayApi Cancel Payment
2020-06-25T15:49:55.0184783+08:00 [INF] (AutoWrapper.AutoWrapperMiddleware) Source:[::1] Request: POST https localhost:44321/api/v1/Payment/Cancel  {"amount":1000,"currency":"MYR","paymentType":"alipayonline","transactionNumber":"TEST1004","pgTransactionNumber":"20200625141100020000888707","goodsName":"string"} Responded with [200] in 632ms
2020-06-25T16:44:15.6717908+08:00 [INF] (PaymentGateway.Program) Starting web host
2020-06-25T16:45:37.1246770+08:00 [INF] (PaymentGateway.API.v1.PaymentController) Hashing input: goods_name=string&mchid=Jx2VxUL8JY&out_trade_no=TEST1005&pay_type=801114&return_url=http://localhost:44321/callback&txamt=200&txcurrcd=MYR&txdtm=2020-06-25 16:45:3771****************************2C, key: 71****************************2C
2020-06-25T16:45:37.1512382+08:00 [INF] (PaymentGateway.Services.QfPayApiConnect) Post Form request. URL /trade/v1/payment, data: {"return_url":"http://localhost:44321/callback","txamt":"200","txcurrcd":"MYR","pay_type":"801114","out_trade_no":"TEST1005","txdtm":"2020-06-25 16:45:37","goods_name":"string","mchid":"Jx2VxUL8JY"}
2020-06-25T16:45:39.5222068+08:00 [INF] (PaymentGateway.Services.QfPayApiConnect) Post Form response: "{\"qrcode\": \"https://mapi.alipay.com/gateway.do?_input_charset=utf-8&currency=MYR&notify_url=https%3A%2F%2Fgw.onlinepayment.com.my%2FMOLPay%2Falipay_notify.php&out_trade_no=273942052&partner=2088801192274505&product_code=NEW_WAP_OVERSEAS_SELLER&register_country=MY&return_url=https%3A%2F%2Fwww.onlinepayment.com.my%2FMOLPay%2Freturn_alipay.php&secondary_merchant_id=2088801192274505&secondary_merchant_industry=5942&secondary_merchant_name=QFPayCN&service=create_forex_trade_wap&site_infos=https%3A%2F%2Fwww.onlinepayment.com.my&subject=MP_Txn+%3A+273942052&timeout_rule=30m&total_fee=2.00&sign=36500f76b0961cbaeaac1167c462a2dd&sign_type=MD5\", \"pay_type\": \"801114\", \"resperr\": \"success\", \"txdtm\": \"2020-06-25 16:45:37\", \"out_trade_no\": \"TEST1005\", \"syssn\": \"20200625141200020000888479\", \"sysdtm\": \"2020-06-25 16:45:39\", \"paydtm\": \"2020-06-25 16:45:39\", \"txcurrcd\": \"MYR\", \"respmsg\": \"\", \"pay_url\": \"\", \"cardcd\": \"\", \"udid\": \"qiantai2\", \"txamt\": \"200\", \"respcd\": \"0000\", \"chnlsn\": \"273942052\"}"
2020-06-25T16:45:39.5231464+08:00 [INF] (PaymentGateway.API.v1.PaymentController) Response from QFPayApi Request Payment
2020-06-25T16:45:40.1663722+08:00 [INF] (AutoWrapper.AutoWrapperMiddleware) Source:[::1] Request: POST https localhost:44321/api/v1/Payment  {"amount":2,"currency":"MYR","paymentType":"alipayonline","transactionNumber":"TEST1005","goodsName":"string"} Responded with [200] in 6075ms
2020-06-25T18:56:19.0299379+08:00 [INF] (PaymentGateway.Program) Starting web host
2020-06-25T18:56:35.1393036+08:00 [INF] (PaymentGateway.API.v1.PaymentController) Hashing input: goods_name=string&mchid=Jx2VxUL8JY&out_trade_no=TEST1006&pay_type=800214&txamt=200&txcurrcd=MYR&txdtm=2020-06-25 18:56:3571****************************2C, key: 71****************************2C
2020-06-25T18:56:35.1695254+08:00 [INF] (PaymentGateway.Services.QfPayApiConnect) Post Form request. URL /trade/v1/payment, data: {"txamt":"200","txcurrcd":"MYR","pay_type":"800214","out_trade_no":"TEST1006","txdtm":"2020-06-25 18:56:35","goods_name":"string","mchid":"Jx2VxUL8JY"}
2020-06-25T18:56:39.1013783+08:00 [INF] (PaymentGateway.Services.QfPayApiConnect) Post Form response: "{\"qrcode\": \"weixin://wxpay/bizpayurl?pr=hkeFfIs\", \"pay_type\": \"800214\", \"resperr\": \"success\", \"txdtm\": \"2020-06-25 18:56:35\", \"out_trade_no\": \"TEST1006\", \"syssn\": \"20200625141100020000888805\", \"sysdtm\": \"2020-06-25 18:56:38\", \"paydtm\": \"2020-06-25 18:56:38\", \"txcurrcd\": \"MYR\", \"respmsg\": \"\", \"pay_url\": \"\", \"cardcd\": \"\", \"udid\": \"qiantai2\", \"txamt\": \"200\", \"respcd\": \"0000\", \"chnlsn\": \"274040334\"}"
2020-06-25T18:56:39.1022189+08:00 [INF] (PaymentGateway.API.v1.PaymentController) Response from QFPayApi Request Payment
2020-06-25T18:56:39.6649146+08:00 [INF] (AutoWrapper.AutoWrapperMiddleware) Source:[::1] Request: POST https localhost:44321/api/v1/Payment  {"amount":2,"currency":"MYR","paymentType":"wechatonline","transactionNumber":"TEST1006","goodsName":"string"} Responded with [200] in 7524ms
2020-06-25T20:50:37.4780315+08:00 [INF] (PaymentGateway.Program) Starting web host
2020-06-25T20:51:17.0504443+08:00 [INF] (PaymentGateway.API.v1.PaymentController) Hashing input: goods_name=string&mchid=Jx2VxUL8JY&out_trade_no=TEST1006&pay_type=801114&return_url=http://localhost:44321/callback&txamt=10100&txcurrcd=MYR&txdtm=2020-06-25 20:51:1671****************************2C, key: 71****************************2C
2020-06-25T20:51:17.2598996+08:00 [INF] (PaymentGateway.Services.QfPayApiConnect) Post Form request. URL /trade/v1/payment, data: {"return_url":"http://localhost:44321/callback","txamt":"10100","txcurrcd":"MYR","pay_type":"801114","out_trade_no":"TEST1006","txdtm":"2020-06-25 20:51:16","goods_name":"string","mchid":"Jx2VxUL8JY"}
2020-06-25T20:51:19.4561705+08:00 [INF] (PaymentGateway.Services.QfPayApiConnect) Post Form response: "{\"resperr\": \"Hi, the shop has a wrong configuration, and we are fixing it (1251)\", \"respcd\": \"1251\", \"respmsg\": \"out_trade_no is used\", \"out_trade_no\": \"TEST1006\"}"
2020-06-25T20:51:19.4567417+08:00 [INF] (PaymentGateway.API.v1.PaymentController) Response from QFPayApi Request Payment
2020-06-25T20:51:20.0640599+08:00 [INF] (AutoWrapper.AutoWrapperMiddleware) Source:[::1] Request: POST https localhost:44321/api/v1/Payment  {"amount":101,"currency":"MYR","paymentType":"alipayonline","transactionNumber":"TEST1006","goodsName":"string"} Responded with [200] in 5999ms
2020-06-25T20:51:26.7397816+08:00 [INF] (PaymentGateway.API.v1.PaymentController) Hashing input: goods_name=string&mchid=Jx2VxUL8JY&out_trade_no=TEST1007&pay_type=801114&return_url=http://localhost:44321/callback&txamt=10100&txcurrcd=MYR&txdtm=2020-06-25 20:51:2671****************************2C, key: 71****************************2C
2020-06-25T20:51:26.7406809+08:00 [INF] (PaymentGateway.Services.QfPayApiConnect) Post Form request. URL /trade/v1/payment, data: {"return_url":"http://localhost:44321/callback","txamt":"10100","txcurrcd":"MYR","pay_type":"801114","out_trade_no":"TEST1007","txdtm":"2020-06-25 20:51:26","goods_name":"string","mchid":"Jx2VxUL8JY"}
2020-06-25T20:51:27.1589031+08:00 [INF] (PaymentGateway.Services.QfPayApiConnect) Post Form response: "{\"qrcode\": \"https://mapi.alipay.com/gateway.do?_input_charset=utf-8&currency=MYR&notify_url=https%3A%2F%2Fgw.onlinepayment.com.my%2FMOLPay%2Falipay_notify.php&out_trade_no=274130995&partner=2088801192274505&product_code=NEW_WAP_OVERSEAS_SELLER&register_country=MY&return_url=https%3A%2F%2Fwww.onlinepayment.com.my%2FMOLPay%2Freturn_alipay.php&secondary_merchant_id=2088801192274505&secondary_merchant_industry=5942&secondary_merchant_name=QFPayCN&service=create_forex_trade_wap&site_infos=https%3A%2F%2Fwww.onlinepayment.com.my&subject=MP_Txn+%3A+274130995&timeout_rule=30m&total_fee=101.00&sign=6563a0a3d2ff1d0084360b414ae67fe9&sign_type=MD5\", \"pay_type\": \"801114\", \"resperr\": \"success\", \"txdtm\": \"2020-06-25 20:51:26\", \"out_trade_no\": \"TEST1007\", \"syssn\": \"20200625141200020000888541\", \"sysdtm\": \"2020-06-25 20:51:27\", \"paydtm\": \"2020-06-25 20:51:27\", \"txcurrcd\": \"MYR\", \"respmsg\": \"\", \"pay_url\": \"\", \"cardcd\": \"\", \"udid\": \"qiantai2\", \"txamt\": \"10100\", \"respcd\": \"0000\", \"chnlsn\": \"274130995\"}"
2020-06-25T20:51:27.1594541+08:00 [INF] (PaymentGateway.API.v1.PaymentController) Response from QFPayApi Request Payment
2020-06-25T20:51:27.1634591+08:00 [INF] (AutoWrapper.AutoWrapperMiddleware) Source:[::1] Request: POST https localhost:44321/api/v1/Payment  {"amount":101,"currency":"MYR","paymentType":"alipayonline","transactionNumber":"TEST1007","goodsName":"string"} Responded with [200] in 474ms
2020-06-25T21:05:33.6897870+08:00 [INF] (PaymentGateway.API.v1.PaymentController) Hashing input: goods_name=string&mchid=Jx2VxUL8JY&out_trade_no=TEST1008&pay_type=801114&return_url=http://localhost:44321/callback&txamt=110&txcurrcd=MYR&txdtm=2020-06-25 21:05:3371****************************2C, key: 71****************************2C
2020-06-25T21:05:33.6905811+08:00 [INF] (PaymentGateway.Services.QfPayApiConnect) Post Form request. URL /trade/v1/payment, data: {"return_url":"http://localhost:44321/callback","txamt":"110","txcurrcd":"MYR","pay_type":"801114","out_trade_no":"TEST1008","txdtm":"2020-06-25 21:05:33","goods_name":"string","mchid":"Jx2VxUL8JY"}
2020-06-25T21:05:34.9955497+08:00 [INF] (PaymentGateway.Services.QfPayApiConnect) Post Form response: "{\"qrcode\": \"https://mapi.alipay.com/gateway.do?_input_charset=utf-8&currency=MYR&notify_url=https%3A%2F%2Fgw.onlinepayment.com.my%2FMOLPay%2Falipay_notify.php&out_trade_no=274142371&partner=2088801192274505&product_code=NEW_WAP_OVERSEAS_SELLER&register_country=MY&return_url=https%3A%2F%2Fwww.onlinepayment.com.my%2FMOLPay%2Freturn_alipay.php&secondary_merchant_id=2088801192274505&secondary_merchant_industry=5942&secondary_merchant_name=QFPayCN&service=create_forex_trade_wap&site_infos=https%3A%2F%2Fwww.onlinepayment.com.my&subject=MP_Txn+%3A+274142371&timeout_rule=30m&total_fee=1.10&sign=b7f2807fcd7166eb37be3b64921b9f7d&sign_type=MD5\", \"pay_type\": \"801114\", \"resperr\": \"success\", \"txdtm\": \"2020-06-25 21:05:33\", \"out_trade_no\": \"TEST1008\", \"syssn\": \"20200625141100020000888828\", \"sysdtm\": \"2020-06-25 21:05:35\", \"paydtm\": \"2020-06-25 21:05:35\", \"txcurrcd\": \"MYR\", \"respmsg\": \"\", \"pay_url\": \"\", \"cardcd\": \"\", \"udid\": \"qiantai2\", \"txamt\": \"110\", \"respcd\": \"0000\", \"chnlsn\": \"274142371\"}"
2020-06-25T21:05:34.9970562+08:00 [INF] (PaymentGateway.API.v1.PaymentController) Response from QFPayApi Request Payment
2020-06-25T21:05:35.0082118+08:00 [INF] (AutoWrapper.AutoWrapperMiddleware) Source:[::1] Request: POST https localhost:44321/api/v1/Payment  {"amount":1.1,"currency":"MYR","paymentType":"alipayonline","transactionNumber":"TEST1008","goodsName":"string"} Responded with [200] in 1421ms
2020-06-25T21:13:35.1540736+08:00 [INF] (PaymentGateway.API.v1.PaymentController) Hashing input: mchid=Jx2VxUL8JY&out_trade_no=TEST1008&syssn=20200625141100020000888828&txamt=110&txdtm=2020-06-25 21:13:3571****************************2C, key: 71****************************2C
2020-06-25T21:13:35.1546335+08:00 [INF] (PaymentGateway.Services.QfPayApiConnect) Post Form request. URL /trade/v1/refund, data: {"syssn":"20200625141100020000888828","out_trade_no":"TEST1008","txamt":"110","txdtm":"2020-06-25 21:13:35","mchid":"Jx2VxUL8JY"}
2020-06-25T21:13:36.0216734+08:00 [INF] (PaymentGateway.Services.QfPayApiConnect) Post Form response: "{\"resperr\": \"\\u5ba2\\u5b98\\uff0c\\u8be5\\u5e97\\u94fa\\u914d\\u7f6e\\u6709\\u4e9b\\u95ee\\u9898\\uff0c\\u6211\\u4eec\\u6b63\\u5728\\u52a0\\u7d27\\u89e3\\u51b3\\u4e2d(1251)\", \"respcd\": \"1251\", \"respmsg\": \"out_trade_no is used\", \"out_trade_no\": \"TEST1008\", \"orig_syssn\": \"20200625141100020000888828\"}"
2020-06-25T21:13:36.0222100+08:00 [INF] (PaymentGateway.API.v1.PaymentController) Response from QFPayApi Cancel Payment
2020-06-25T21:13:36.0333516+08:00 [INF] (AutoWrapper.AutoWrapperMiddleware) Source:[::1] Request: POST https localhost:44321/api/v1/Payment/Cancel  {"amount":1.1,"currency":"MYR","paymentType":"alipayonline","transactionNumber":"TEST1008","pgTransactionNumber":"20200625141100020000888828","goodsName":"string"} Responded with [200] in 941ms
2020-06-25T21:21:42.6021735+08:00 [INF] (PaymentGateway.API.v1.PaymentController) Hashing input: mchid=Jx2VxUL8JY&out_trade_no=TEST1009&syssn=20200625141100020000888828&txamt=110&txdtm=2020-06-25 21:21:4271****************************2C, key: 71****************************2C
2020-06-25T21:21:42.6029601+08:00 [INF] (PaymentGateway.Services.QfPayApiConnect) Post Form request. URL /trade/v1/refund, data: {"syssn":"20200625141100020000888828","out_trade_no":"TEST1009","txamt":"110","txdtm":"2020-06-25 21:21:42","mchid":"Jx2VxUL8JY"}
2020-06-25T21:21:44.3512127+08:00 [INF] (PaymentGateway.Services.QfPayApiConnect) Post Form response: "{\"sysdtm\": \"2020-06-25 21:21:44\", \"paydtm\": \"2020-06-25 21:21:45\", \"udid\": \"qiantai2\", \"txcurrcd\": \"MYR\", \"txdtm\": \"2020-06-25 21:21:42\", \"txamt\": \"110\", \"resperr\": \"success\", \"respmsg\": \"\", \"out_trade_no\": \"TEST1009\", \"syssn\": \"20200625141200020000888546\", \"orig_syssn\": \"20200625141100020000888828\", \"respcd\": \"0000\", \"chnlsn\": \"274142371\", \"cardcd\": \"\"}"
2020-06-25T21:21:44.3519368+08:00 [INF] (PaymentGateway.API.v1.PaymentController) Response from QFPayApi Cancel Payment
2020-06-25T21:21:44.3562722+08:00 [INF] (AutoWrapper.AutoWrapperMiddleware) Source:[::1] Request: POST https localhost:44321/api/v1/Payment/Cancel  {"amount":1.1,"currency":"MYR","paymentType":"alipayonline","transactionNumber":"TEST1009","pgTransactionNumber":"20200625141100020000888828","goodsName":"string"} Responded with [200] in 1803ms
